<?xml version="1.0" encoding="UTF-8"?>
<!-- Generated by org.testng.reporters.JUnitXMLReporter -->
<testsuite ignored="0" hostname="ASUS-DAWOOD" failures="0" tests="18" name="BaseClass" time="1445.311" errors="0" timestamp="18 May 2021 12:36:52 GMT">
  <testcase classname="com.Ylighting.TestCases.TC_YLighting_Tab_004" name="Login" time="81.457"/>
  <testcase classname="com.Ylighting.TestCases.TC_YLighting_Filter_005" name="Login" time="106.824"/>
  <testcase classname="com.Ylighting.TestCases.TC_YLighting_AddCart_006" name="Login" time="113.21"/>
  <testcase classname="com.Ylighting.TestCases.TC_YLighting_ViewCart_007" name="Login" time="116.037"/>
  <testcase classname="com.Ylighting.TestCases.TC_YLighting_Remove_011" name="Login" time="153.13"/>
  <testcase classname="com.Ylighting.TestCases.TC_YLighting_CouponCode_012" name="Login" time="152.354"/>
  <testcase classname="com.Ylighting.TestCases.TC_YLighting_ZIPCode_015" name="Login" time="161.982"/>
  <testcase classname="com.Ylighting.TestCases.TC_YLighting_Quantity_016" name="Login" time="98.208"/>
  <testcase classname="com.Ylighting.TestCases.TC_YLighting_LiveChat1_009" name="Login" time="58.654"/>
  <testcase classname="com.Ylighting.TestCases.TC_YLighting_LiveChat2_010" name="Login" time="65.929"/>
  <testcase classname="com.Ylighting.TestCases.TC_YLighting_CreateAccount_001" name="CreateAccount" time="31.153"/>
  <testcase classname="com.Ylighting.TestCases.TC_YLighting_Login_002" name="Login" time="35.705"/>
  <testcase classname="com.Ylighting.TestCases.TC_YLighting_Title_003" name="Login" time="31.681"/>
  <testcase classname="com.Ylighting.TestCases.TC_YLighting_Search_008" name="Login" time="48.119"/>
  <testcase classname="com.Ylighting.TestCases.TC_YLighting_ScrollUpDown_013" name="Login" time="36.067"/>
  <testcase classname="com.Ylighting.TestCases.TC_YLighting_Back_014" name="Login" time="36.401"/>
  <testcase classname="com.Ylighting.TestCases.TC_YLighting_Logout_017" name="Login" time="51.506"/>
  <testcase classname="com.Ylighting.TestCases.TC_YLighting_Logo_018" name="Login" time="28.013"/>
</testsuite> <!-- BaseClass -->
